2023-07-12T11:39:24.258+07:00  INFO 8052 --- [main] com.hivetech.Ine3Application             : Starting Ine3Application using Java 17.0.4.1 with PID 8052 (D:\WEB\ine3\build\classes\java\main started by HHC in D:\WEB\ine3)
2023-07-12T11:39:24.263+07:00  INFO 8052 --- [main] com.hivetech.Ine3Application             : No active profile set, falling back to 1 default profile: "default"
2023-07-12T11:39:25.279+07:00  INFO 8052 --- [main] .s.d.r.c.RepositoryConfigurationDelegate : Bootstrapping Spring Data JPA repositories in DEFAULT mode.
2023-07-12T11:39:25.396+07:00  INFO 8052 --- [main] .s.d.r.c.RepositoryConfigurationDelegate : Finished Spring Data repository scanning in 89 ms. Found 3 JPA repository interfaces.
2023-07-12T11:39:26.275+07:00  INFO 8052 --- [main] o.s.b.w.embedded.tomcat.TomcatWebServer  : Tomcat initialized with port(s): 8081 (http)
2023-07-12T11:39:26.295+07:00  INFO 8052 --- [main] o.apache.catalina.core.StandardService   : Starting service [Tomcat]
2023-07-12T11:39:26.296+07:00  INFO 8052 --- [main] o.apache.catalina.core.StandardEngine    : Starting Servlet engine: [Apache Tomcat/10.1.8]
2023-07-12T11:39:26.450+07:00  INFO 8052 --- [main] o.a.c.c.C.[Tomcat].[localhost].[/]       : Initializing Spring embedded WebApplicationContext
2023-07-12T11:39:26.451+07:00  INFO 8052 --- [main] w.s.c.ServletWebServerApplicationContext : Root WebApplicationContext: initialization completed in 2125 ms
2023-07-12T11:39:26.723+07:00  INFO 8052 --- [main] o.hibernate.jpa.internal.util.LogHelper  : HHH000204: Processing PersistenceUnitInfo [name: default]
2023-07-12T11:39:26.816+07:00  INFO 8052 --- [main] org.hibernate.Version                    : HHH000412: Hibernate ORM core version 6.2.2.Final
2023-07-12T11:39:26.819+07:00  INFO 8052 --- [main] org.hibernate.cfg.Environment            : HHH000406: Using bytecode reflection optimizer
2023-07-12T11:39:27.070+07:00  INFO 8052 --- [main] o.h.b.i.BytecodeProviderInitiator        : HHH000021: Bytecode provider name : bytebuddy
2023-07-12T11:39:27.285+07:00  INFO 8052 --- [main] o.s.o.j.p.SpringPersistenceUnitInfo      : No LoadTimeWeaver setup: ignoring JPA class transformer
2023-07-12T11:39:27.325+07:00  INFO 8052 --- [main] com.zaxxer.hikari.HikariDataSource       : HikariPool-1 - Starting...
2023-07-12T11:39:27.574+07:00  INFO 8052 --- [main] com.zaxxer.hikari.pool.HikariPool        : HikariPool-1 - Added connection org.mariadb.jdbc.Connection@6c995c5d
2023-07-12T11:39:27.577+07:00  INFO 8052 --- [main] com.zaxxer.hikari.HikariDataSource       : HikariPool-1 - Start completed.
2023-07-12T11:39:27.623+07:00  INFO 8052 --- [main] org.hibernate.orm.dialect                : HHH035001: Using dialect: org.hibernate.dialect.MariaDBDialect, version: 10.10
2023-07-12T11:39:27.926+07:00  INFO 8052 --- [main] o.h.b.i.BytecodeProviderInitiator        : HHH000021: Bytecode provider name : bytebuddy
2023-07-12T11:39:28.865+07:00  INFO 8052 --- [main] o.h.e.t.j.p.i.JtaPlatformInitiator       : HHH000490: Using JtaPlatform implementation: [org.hibernate.engine.transaction.jta.platform.internal.NoJtaPlatform]
2023-07-12T11:39:28.982+07:00  INFO 8052 --- [main] j.LocalContainerEntityManagerFactoryBean : Initialized JPA EntityManagerFactory for persistence unit 'default'
2023-07-12T11:39:29.398+07:00  INFO 8052 --- [main] o.s.d.j.r.query.QueryEnhancerFactory     : Hibernate is in classpath; If applicable, HQL parser will be used.
2023-07-12T11:39:29.834+07:00  WARN 8052 --- [main] JpaBaseConfiguration$JpaWebConfiguration : spring.jpa.open-in-view is enabled by default. Therefore, database queries may be performed during view rendering. Explicitly configure spring.jpa.open-in-view to disable this warning
2023-07-12T11:39:30.355+07:00  INFO 8052 --- [main] o.s.b.w.embedded.tomcat.TomcatWebServer  : Tomcat started on port(s): 8081 (http) with context path ''
2023-07-12T11:39:30.367+07:00  INFO 8052 --- [main] com.hivetech.Ine3Application             : Started Ine3Application in 7.037 seconds (process running for 8.743)
2023-07-12T11:40:11.682+07:00  INFO 8052 --- [http-nio-8081-exec-1] o.a.c.c.C.[Tomcat].[localhost].[/]       : Initializing Spring DispatcherServlet 'dispatcherServlet'
2023-07-12T11:40:11.683+07:00  INFO 8052 --- [http-nio-8081-exec-1] o.s.web.servlet.DispatcherServlet        : Initializing Servlet 'dispatcherServlet'
2023-07-12T11:40:11.684+07:00  INFO 8052 --- [http-nio-8081-exec-1] o.s.web.servlet.DispatcherServlet        : Completed initialization in 1 ms
2023-07-12T11:42:37.727+07:00  INFO 8052 --- [SpringApplicationShutdownHook] j.LocalContainerEntityManagerFactoryBean : Closing JPA EntityManagerFactory for persistence unit 'default'
2023-07-12T11:42:37.731+07:00  INFO 8052 --- [SpringApplicationShutdownHook] com.zaxxer.hikari.HikariDataSource       : HikariPool-1 - Shutdown initiated...
2023-07-12T11:42:37.738+07:00  INFO 8052 --- [SpringApplicationShutdownHook] com.zaxxer.hikari.HikariDataSource       : HikariPool-1 - Shutdown completed.
2023-07-12T11:42:42.510+07:00  INFO 12096 --- [main] com.hivetech.Ine3Application             : Starting Ine3Application using Java 17.0.4.1 with PID 12096 (D:\WEB\ine3\build\classes\java\main started by HHC in D:\WEB\ine3)
2023-07-12T11:42:42.512+07:00  INFO 12096 --- [main] com.hivetech.Ine3Application             : No active profile set, falling back to 1 default profile: "default"
2023-07-12T11:42:43.231+07:00  INFO 12096 --- [main] .s.d.r.c.RepositoryConfigurationDelegate : Bootstrapping Spring Data JPA repositories in DEFAULT mode.
2023-07-12T11:42:43.315+07:00  INFO 12096 --- [main] .s.d.r.c.RepositoryConfigurationDelegate : Finished Spring Data repository scanning in 65 ms. Found 3 JPA repository interfaces.
2023-07-12T11:42:43.839+07:00  INFO 12096 --- [main] o.s.b.w.embedded.tomcat.TomcatWebServer  : Tomcat initialized with port(s): 8081 (http)
2023-07-12T11:42:43.850+07:00  INFO 12096 --- [main] o.apache.catalina.core.StandardService   : Starting service [Tomcat]
2023-07-12T11:42:43.851+07:00  INFO 12096 --- [main] o.apache.catalina.core.StandardEngine    : Starting Servlet engine: [Apache Tomcat/10.1.8]
2023-07-12T11:42:43.949+07:00  INFO 12096 --- [main] o.a.c.c.C.[Tomcat].[localhost].[/]       : Initializing Spring embedded WebApplicationContext
2023-07-12T11:42:43.950+07:00  INFO 12096 --- [main] w.s.c.ServletWebServerApplicationContext : Root WebApplicationContext: initialization completed in 1382 ms
2023-07-12T11:42:44.116+07:00  INFO 12096 --- [main] o.hibernate.jpa.internal.util.LogHelper  : HHH000204: Processing PersistenceUnitInfo [name: default]
2023-07-12T11:42:44.202+07:00  INFO 12096 --- [main] org.hibernate.Version                    : HHH000412: Hibernate ORM core version 6.2.2.Final
2023-07-12T11:42:44.204+07:00  INFO 12096 --- [main] org.hibernate.cfg.Environment            : HHH000406: Using bytecode reflection optimizer
2023-07-12T11:42:44.393+07:00  INFO 12096 --- [main] o.h.b.i.BytecodeProviderInitiator        : HHH000021: Bytecode provider name : bytebuddy
2023-07-12T11:42:44.586+07:00  INFO 12096 --- [main] o.s.o.j.p.SpringPersistenceUnitInfo      : No LoadTimeWeaver setup: ignoring JPA class transformer
2023-07-12T11:42:44.613+07:00  INFO 12096 --- [main] com.zaxxer.hikari.HikariDataSource       : HikariPool-1 - Starting...
2023-07-12T11:42:44.720+07:00  INFO 12096 --- [main] com.zaxxer.hikari.pool.HikariPool        : HikariPool-1 - Added connection org.mariadb.jdbc.Connection@6c995c5d
2023-07-12T11:42:44.723+07:00  INFO 12096 --- [main] com.zaxxer.hikari.HikariDataSource       : HikariPool-1 - Start completed.
2023-07-12T11:42:44.762+07:00  INFO 12096 --- [main] org.hibernate.orm.dialect                : HHH035001: Using dialect: org.hibernate.dialect.MariaDBDialect, version: 10.10
2023-07-12T11:42:45.035+07:00  INFO 12096 --- [main] o.h.b.i.BytecodeProviderInitiator        : HHH000021: Bytecode provider name : bytebuddy
2023-07-12T11:42:45.799+07:00  INFO 12096 --- [main] o.h.e.t.j.p.i.JtaPlatformInitiator       : HHH000490: Using JtaPlatform implementation: [org.hibernate.engine.transaction.jta.platform.internal.NoJtaPlatform]
2023-07-12T11:42:45.861+07:00  INFO 12096 --- [main] j.LocalContainerEntityManagerFactoryBean : Initialized JPA EntityManagerFactory for persistence unit 'default'
2023-07-12T11:42:46.223+07:00  INFO 12096 --- [main] o.s.d.j.r.query.QueryEnhancerFactory     : Hibernate is in classpath; If applicable, HQL parser will be used.
2023-07-12T11:42:46.611+07:00  WARN 12096 --- [main] JpaBaseConfiguration$JpaWebConfiguration : spring.jpa.open-in-view is enabled by default. Therefore, database queries may be performed during view rendering. Explicitly configure spring.jpa.open-in-view to disable this warning
2023-07-12T11:42:46.964+07:00  INFO 12096 --- [main] o.s.b.w.embedded.tomcat.TomcatWebServer  : Tomcat started on port(s): 8081 (http) with context path ''
2023-07-12T11:42:46.974+07:00  INFO 12096 --- [main] com.hivetech.Ine3Application             : Started Ine3Application in 5.141 seconds (process running for 6.033)
2023-07-12T11:43:04.296+07:00  INFO 12096 --- [http-nio-8081-exec-1] o.a.c.c.C.[Tomcat].[localhost].[/]       : Initializing Spring DispatcherServlet 'dispatcherServlet'
2023-07-12T11:43:04.296+07:00  INFO 12096 --- [http-nio-8081-exec-1] o.s.web.servlet.DispatcherServlet        : Initializing Servlet 'dispatcherServlet'
2023-07-12T11:43:04.298+07:00  INFO 12096 --- [http-nio-8081-exec-1] o.s.web.servlet.DispatcherServlet        : Completed initialization in 2 ms
2023-07-12T11:57:06.979+07:00  INFO 12096 --- [SpringApplicationShutdownHook] j.LocalContainerEntityManagerFactoryBean : Closing JPA EntityManagerFactory for persistence unit 'default'
2023-07-12T11:57:06.983+07:00  INFO 12096 --- [SpringApplicationShutdownHook] com.zaxxer.hikari.HikariDataSource       : HikariPool-1 - Shutdown initiated...
2023-07-12T11:57:06.988+07:00  INFO 12096 --- [SpringApplicationShutdownHook] com.zaxxer.hikari.HikariDataSource       : HikariPool-1 - Shutdown completed.
2023-07-12T13:22:59.612+07:00  INFO 12236 --- [main] com.hivetech.Ine3Application             : Starting Ine3Application using Java 17.0.4.1 with PID 12236 (D:\WEB\ine3\build\classes\java\main started by HHC in D:\WEB\ine3)
2023-07-12T13:22:59.614+07:00  INFO 12236 --- [main] com.hivetech.Ine3Application             : No active profile set, falling back to 1 default profile: "default"
2023-07-12T13:23:00.352+07:00  INFO 12236 --- [main] .s.d.r.c.RepositoryConfigurationDelegate : Bootstrapping Spring Data JPA repositories in DEFAULT mode.
2023-07-12T13:23:00.442+07:00  INFO 12236 --- [main] .s.d.r.c.RepositoryConfigurationDelegate : Finished Spring Data repository scanning in 68 ms. Found 3 JPA repository interfaces.
2023-07-12T13:23:01.043+07:00  INFO 12236 --- [main] o.s.b.w.embedded.tomcat.TomcatWebServer  : Tomcat initialized with port(s): 8081 (http)
2023-07-12T13:23:01.055+07:00  INFO 12236 --- [main] o.apache.catalina.core.StandardService   : Starting service [Tomcat]
2023-07-12T13:23:01.056+07:00  INFO 12236 --- [main] o.apache.catalina.core.StandardEngine    : Starting Servlet engine: [Apache Tomcat/10.1.8]
2023-07-12T13:23:01.173+07:00  INFO 12236 --- [main] o.a.c.c.C.[Tomcat].[localhost].[/]       : Initializing Spring embedded WebApplicationContext
2023-07-12T13:23:01.174+07:00  INFO 12236 --- [main] w.s.c.ServletWebServerApplicationContext : Root WebApplicationContext: initialization completed in 1506 ms
2023-07-12T13:23:01.383+07:00  INFO 12236 --- [main] o.hibernate.jpa.internal.util.LogHelper  : HHH000204: Processing PersistenceUnitInfo [name: default]
2023-07-12T13:23:01.460+07:00  INFO 12236 --- [main] org.hibernate.Version                    : HHH000412: Hibernate ORM core version 6.2.2.Final
2023-07-12T13:23:01.463+07:00  INFO 12236 --- [main] org.hibernate.cfg.Environment            : HHH000406: Using bytecode reflection optimizer
2023-07-12T13:23:01.639+07:00  INFO 12236 --- [main] o.h.b.i.BytecodeProviderInitiator        : HHH000021: Bytecode provider name : bytebuddy
2023-07-12T13:23:01.825+07:00  INFO 12236 --- [main] o.s.o.j.p.SpringPersistenceUnitInfo      : No LoadTimeWeaver setup: ignoring JPA class transformer
2023-07-12T13:23:01.846+07:00  INFO 12236 --- [main] com.zaxxer.hikari.HikariDataSource       : HikariPool-1 - Starting...
2023-07-12T13:23:01.965+07:00  INFO 12236 --- [main] com.zaxxer.hikari.pool.HikariPool        : HikariPool-1 - Added connection org.mariadb.jdbc.Connection@643ecfef
2023-07-12T13:23:01.969+07:00  INFO 12236 --- [main] com.zaxxer.hikari.HikariDataSource       : HikariPool-1 - Start completed.
2023-07-12T13:23:02.015+07:00  INFO 12236 --- [main] org.hibernate.orm.dialect                : HHH035001: Using dialect: org.hibernate.dialect.MariaDBDialect, version: 10.10
2023-07-12T13:23:02.307+07:00  INFO 12236 --- [main] o.h.b.i.BytecodeProviderInitiator        : HHH000021: Bytecode provider name : bytebuddy
2023-07-12T13:23:03.132+07:00  INFO 12236 --- [main] o.h.e.t.j.p.i.JtaPlatformInitiator       : HHH000490: Using JtaPlatform implementation: [org.hibernate.engine.transaction.jta.platform.internal.NoJtaPlatform]
2023-07-12T13:23:03.197+07:00  INFO 12236 --- [main] j.LocalContainerEntityManagerFactoryBean : Initialized JPA EntityManagerFactory for persistence unit 'default'
2023-07-12T13:23:03.590+07:00  INFO 12236 --- [main] o.s.d.j.r.query.QueryEnhancerFactory     : Hibernate is in classpath; If applicable, HQL parser will be used.
2023-07-12T13:23:04.025+07:00  WARN 12236 --- [main] JpaBaseConfiguration$JpaWebConfiguration : spring.jpa.open-in-view is enabled by default. Therefore, database queries may be performed during view rendering. Explicitly configure spring.jpa.open-in-view to disable this warning
2023-07-12T13:23:04.445+07:00  INFO 12236 --- [main] o.s.b.w.embedded.tomcat.TomcatWebServer  : Tomcat started on port(s): 8081 (http) with context path ''
2023-07-12T13:23:04.455+07:00  INFO 12236 --- [main] com.hivetech.Ine3Application             : Started Ine3Application in 5.427 seconds (process running for 6.422)
2023-07-12T13:23:18.989+07:00  INFO 12236 --- [http-nio-8081-exec-2] o.a.c.c.C.[Tomcat].[localhost].[/]       : Initializing Spring DispatcherServlet 'dispatcherServlet'
2023-07-12T13:23:18.990+07:00  INFO 12236 --- [http-nio-8081-exec-2] o.s.web.servlet.DispatcherServlet        : Initializing Servlet 'dispatcherServlet'
2023-07-12T13:23:18.991+07:00  INFO 12236 --- [http-nio-8081-exec-2] o.s.web.servlet.DispatcherServlet        : Completed initialization in 1 ms
2023-07-12T13:26:52.848+07:00  INFO 12236 --- [SpringApplicationShutdownHook] j.LocalContainerEntityManagerFactoryBean : Closing JPA EntityManagerFactory for persistence unit 'default'
2023-07-12T13:26:52.851+07:00  INFO 12236 --- [SpringApplicationShutdownHook] com.zaxxer.hikari.HikariDataSource       : HikariPool-1 - Shutdown initiated...
2023-07-12T13:26:52.855+07:00  INFO 12236 --- [SpringApplicationShutdownHook] com.zaxxer.hikari.HikariDataSource       : HikariPool-1 - Shutdown completed.
2023-07-12T13:27:02.232+07:00  INFO 12388 --- [main] com.hivetech.Ine3Application             : Starting Ine3Application using Java 17.0.4.1 with PID 12388 (D:\WEB\ine3\build\classes\java\main started by HHC in D:\WEB\ine3)
2023-07-12T13:27:02.235+07:00  INFO 12388 --- [main] com.hivetech.Ine3Application             : No active profile set, falling back to 1 default profile: "default"
2023-07-12T13:27:03.601+07:00  INFO 12388 --- [main] .s.d.r.c.RepositoryConfigurationDelegate : Bootstrapping Spring Data JPA repositories in DEFAULT mode.
2023-07-12T13:27:03.703+07:00  INFO 12388 --- [main] .s.d.r.c.RepositoryConfigurationDelegate : Finished Spring Data repository scanning in 78 ms. Found 3 JPA repository interfaces.
2023-07-12T13:27:04.320+07:00  INFO 12388 --- [main] o.s.b.w.embedded.tomcat.TomcatWebServer  : Tomcat initialized with port(s): 8081 (http)
2023-07-12T13:27:04.330+07:00  INFO 12388 --- [main] o.apache.catalina.core.StandardService   : Starting service [Tomcat]
2023-07-12T13:27:04.331+07:00  INFO 12388 --- [main] o.apache.catalina.core.StandardEngine    : Starting Servlet engine: [Apache Tomcat/10.1.8]
2023-07-12T13:27:04.439+07:00  INFO 12388 --- [main] o.a.c.c.C.[Tomcat].[localhost].[/]       : Initializing Spring embedded WebApplicationContext
2023-07-12T13:27:04.440+07:00  INFO 12388 --- [main] w.s.c.ServletWebServerApplicationContext : Root WebApplicationContext: initialization completed in 2147 ms
2023-07-12T13:27:04.651+07:00  INFO 12388 --- [main] o.hibernate.jpa.internal.util.LogHelper  : HHH000204: Processing PersistenceUnitInfo [name: default]
2023-07-12T13:27:04.713+07:00  INFO 12388 --- [main] org.hibernate.Version                    : HHH000412: Hibernate ORM core version 6.2.2.Final
2023-07-12T13:27:04.716+07:00  INFO 12388 --- [main] org.hibernate.cfg.Environment            : HHH000406: Using bytecode reflection optimizer
2023-07-12T13:27:04.888+07:00  INFO 12388 --- [main] o.h.b.i.BytecodeProviderInitiator        : HHH000021: Bytecode provider name : bytebuddy
2023-07-12T13:27:05.055+07:00  INFO 12388 --- [main] o.s.o.j.p.SpringPersistenceUnitInfo      : No LoadTimeWeaver setup: ignoring JPA class transformer
2023-07-12T13:27:05.072+07:00  INFO 12388 --- [main] com.zaxxer.hikari.HikariDataSource       : HikariPool-1 - Starting...
2023-07-12T13:27:05.188+07:00  INFO 12388 --- [main] com.zaxxer.hikari.pool.HikariPool        : HikariPool-1 - Added connection org.mariadb.jdbc.Connection@aa752bb
2023-07-12T13:27:05.191+07:00  INFO 12388 --- [main] com.zaxxer.hikari.HikariDataSource       : HikariPool-1 - Start completed.
2023-07-12T13:27:05.234+07:00  INFO 12388 --- [main] org.hibernate.orm.dialect                : HHH035001: Using dialect: org.hibernate.dialect.MariaDBDialect, version: 10.10
2023-07-12T13:27:05.522+07:00  INFO 12388 --- [main] o.h.b.i.BytecodeProviderInitiator        : HHH000021: Bytecode provider name : bytebuddy
2023-07-12T13:27:06.333+07:00  INFO 12388 --- [main] o.h.e.t.j.p.i.JtaPlatformInitiator       : HHH000490: Using JtaPlatform implementation: [org.hibernate.engine.transaction.jta.platform.internal.NoJtaPlatform]
2023-07-12T13:27:06.395+07:00  INFO 12388 --- [main] j.LocalContainerEntityManagerFactoryBean : Initialized JPA EntityManagerFactory for persistence unit 'default'
2023-07-12T13:27:06.819+07:00  INFO 12388 --- [main] o.s.d.j.r.query.QueryEnhancerFactory     : Hibernate is in classpath; If applicable, HQL parser will be used.
2023-07-12T13:27:07.270+07:00  WARN 12388 --- [main] JpaBaseConfiguration$JpaWebConfiguration : spring.jpa.open-in-view is enabled by default. Therefore, database queries may be performed during view rendering. Explicitly configure spring.jpa.open-in-view to disable this warning
2023-07-12T13:27:07.701+07:00  INFO 12388 --- [main] o.s.b.w.embedded.tomcat.TomcatWebServer  : Tomcat started on port(s): 8081 (http) with context path ''
2023-07-12T13:27:07.715+07:00  INFO 12388 --- [main] com.hivetech.Ine3Application             : Started Ine3Application in 6.187 seconds (process running for 7.21)
2023-07-12T13:27:32.569+07:00  INFO 12388 --- [http-nio-8081-exec-1] o.a.c.c.C.[Tomcat].[localhost].[/]       : Initializing Spring DispatcherServlet 'dispatcherServlet'
2023-07-12T13:27:32.569+07:00  INFO 12388 --- [http-nio-8081-exec-1] o.s.web.servlet.DispatcherServlet        : Initializing Servlet 'dispatcherServlet'
2023-07-12T13:27:32.571+07:00  INFO 12388 --- [http-nio-8081-exec-1] o.s.web.servlet.DispatcherServlet        : Completed initialization in 1 ms
2023-07-12T13:28:10.062+07:00  INFO 12388 --- [SpringApplicationShutdownHook] j.LocalContainerEntityManagerFactoryBean : Closing JPA EntityManagerFactory for persistence unit 'default'
2023-07-12T13:28:10.068+07:00  INFO 12388 --- [SpringApplicationShutdownHook] com.zaxxer.hikari.HikariDataSource       : HikariPool-1 - Shutdown initiated...
2023-07-12T13:28:10.078+07:00  INFO 12388 --- [SpringApplicationShutdownHook] com.zaxxer.hikari.HikariDataSource       : HikariPool-1 - Shutdown completed.
2023-07-12T13:28:23.592+07:00  INFO 12272 --- [main] com.hivetech.Ine3Application             : Starting Ine3Application using Java 17.0.4.1 with PID 12272 (D:\WEB\ine3\build\classes\java\main started by HHC in D:\WEB\ine3)
2023-07-12T13:28:23.595+07:00  INFO 12272 --- [main] com.hivetech.Ine3Application             : No active profile set, falling back to 1 default profile: "default"
2023-07-12T13:28:24.790+07:00  INFO 12272 --- [main] .s.d.r.c.RepositoryConfigurationDelegate : Bootstrapping Spring Data JPA repositories in DEFAULT mode.
2023-07-12T13:28:24.903+07:00  INFO 12272 --- [main] .s.d.r.c.RepositoryConfigurationDelegate : Finished Spring Data repository scanning in 87 ms. Found 3 JPA repository interfaces.
2023-07-12T13:28:25.536+07:00  INFO 12272 --- [main] o.s.b.w.embedded.tomcat.TomcatWebServer  : Tomcat initialized with port(s): 8081 (http)
2023-07-12T13:28:25.547+07:00  INFO 12272 --- [main] o.apache.catalina.core.StandardService   : Starting service [Tomcat]
2023-07-12T13:28:25.548+07:00  INFO 12272 --- [main] o.apache.catalina.core.StandardEngine    : Starting Servlet engine: [Apache Tomcat/10.1.8]
2023-07-12T13:28:25.670+07:00  INFO 12272 --- [main] o.a.c.c.C.[Tomcat].[localhost].[/]       : Initializing Spring embedded WebApplicationContext
2023-07-12T13:28:25.671+07:00  INFO 12272 --- [main] w.s.c.ServletWebServerApplicationContext : Root WebApplicationContext: initialization completed in 1995 ms
2023-07-12T13:28:25.896+07:00  INFO 12272 --- [main] o.hibernate.jpa.internal.util.LogHelper  : HHH000204: Processing PersistenceUnitInfo [name: default]
2023-07-12T13:28:25.965+07:00  INFO 12272 --- [main] org.hibernate.Version                    : HHH000412: Hibernate ORM core version 6.2.2.Final
2023-07-12T13:28:25.967+07:00  INFO 12272 --- [main] org.hibernate.cfg.Environment            : HHH000406: Using bytecode reflection optimizer
2023-07-12T13:28:26.194+07:00  INFO 12272 --- [main] o.h.b.i.BytecodeProviderInitiator        : HHH000021: Bytecode provider name : bytebuddy
2023-07-12T13:28:26.446+07:00  INFO 12272 --- [main] o.s.o.j.p.SpringPersistenceUnitInfo      : No LoadTimeWeaver setup: ignoring JPA class transformer
2023-07-12T13:28:26.468+07:00  INFO 12272 --- [main] com.zaxxer.hikari.HikariDataSource       : HikariPool-1 - Starting...
2023-07-12T13:28:26.592+07:00  INFO 12272 --- [main] com.zaxxer.hikari.pool.HikariPool        : HikariPool-1 - Added connection org.mariadb.jdbc.Connection@51fe7f15
2023-07-12T13:28:26.595+07:00  INFO 12272 --- [main] com.zaxxer.hikari.HikariDataSource       : HikariPool-1 - Start completed.
2023-07-12T13:28:26.643+07:00  INFO 12272 --- [main] org.hibernate.orm.dialect                : HHH035001: Using dialect: org.hibernate.dialect.MariaDBDialect, version: 10.10
2023-07-12T13:28:26.932+07:00  INFO 12272 --- [main] o.h.b.i.BytecodeProviderInitiator        : HHH000021: Bytecode provider name : bytebuddy
2023-07-12T13:28:27.708+07:00  INFO 12272 --- [main] o.h.e.t.j.p.i.JtaPlatformInitiator       : HHH000490: Using JtaPlatform implementation: [org.hibernate.engine.transaction.jta.platform.internal.NoJtaPlatform]
2023-07-12T13:28:27.770+07:00  INFO 12272 --- [main] j.LocalContainerEntityManagerFactoryBean : Initialized JPA EntityManagerFactory for persistence unit 'default'
2023-07-12T13:28:28.160+07:00  INFO 12272 --- [main] o.s.d.j.r.query.QueryEnhancerFactory     : Hibernate is in classpath; If applicable, HQL parser will be used.
2023-07-12T13:28:28.593+07:00  WARN 12272 --- [main] JpaBaseConfiguration$JpaWebConfiguration : spring.jpa.open-in-view is enabled by default. Therefore, database queries may be performed during view rendering. Explicitly configure spring.jpa.open-in-view to disable this warning
2023-07-12T13:28:28.996+07:00  INFO 12272 --- [main] o.s.b.w.embedded.tomcat.TomcatWebServer  : Tomcat started on port(s): 8081 (http) with context path ''
2023-07-12T13:28:29.009+07:00  INFO 12272 --- [main] com.hivetech.Ine3Application             : Started Ine3Application in 6.439 seconds (process running for 8.059)
2023-07-12T13:28:59.291+07:00  INFO 12272 --- [http-nio-8081-exec-1] o.a.c.c.C.[Tomcat].[localhost].[/]       : Initializing Spring DispatcherServlet 'dispatcherServlet'
2023-07-12T13:28:59.292+07:00  INFO 12272 --- [http-nio-8081-exec-1] o.s.web.servlet.DispatcherServlet        : Initializing Servlet 'dispatcherServlet'
2023-07-12T13:28:59.293+07:00  INFO 12272 --- [http-nio-8081-exec-1] o.s.web.servlet.DispatcherServlet        : Completed initialization in 1 ms
2023-07-12T13:29:45.397+07:00  INFO 12272 --- [SpringApplicationShutdownHook] j.LocalContainerEntityManagerFactoryBean : Closing JPA EntityManagerFactory for persistence unit 'default'
2023-07-12T13:29:45.399+07:00  INFO 12272 --- [SpringApplicationShutdownHook] com.zaxxer.hikari.HikariDataSource       : HikariPool-1 - Shutdown initiated...
2023-07-12T13:29:45.403+07:00  INFO 12272 --- [SpringApplicationShutdownHook] com.zaxxer.hikari.HikariDataSource       : HikariPool-1 - Shutdown completed.
2023-07-12T13:29:50.275+07:00  INFO 13464 --- [main] com.hivetech.Ine3Application             : Starting Ine3Application using Java 17.0.4.1 with PID 13464 (D:\WEB\ine3\build\classes\java\main started by HHC in D:\WEB\ine3)
2023-07-12T13:29:50.277+07:00  INFO 13464 --- [main] com.hivetech.Ine3Application             : No active profile set, falling back to 1 default profile: "default"
2023-07-12T13:29:50.967+07:00  INFO 13464 --- [main] .s.d.r.c.RepositoryConfigurationDelegate : Bootstrapping Spring Data JPA repositories in DEFAULT mode.
2023-07-12T13:29:51.042+07:00  INFO 13464 --- [main] .s.d.r.c.RepositoryConfigurationDelegate : Finished Spring Data repository scanning in 65 ms. Found 3 JPA repository interfaces.
2023-07-12T13:29:51.578+07:00  INFO 13464 --- [main] o.s.b.w.embedded.tomcat.TomcatWebServer  : Tomcat initialized with port(s): 8081 (http)
2023-07-12T13:29:51.589+07:00  INFO 13464 --- [main] o.apache.catalina.core.StandardService   : Starting service [Tomcat]
2023-07-12T13:29:51.589+07:00  INFO 13464 --- [main] o.apache.catalina.core.StandardEngine    : Starting Servlet engine: [Apache Tomcat/10.1.8]
2023-07-12T13:29:51.704+07:00  INFO 13464 --- [main] o.a.c.c.C.[Tomcat].[localhost].[/]       : Initializing Spring embedded WebApplicationContext
2023-07-12T13:29:51.704+07:00  INFO 13464 --- [main] w.s.c.ServletWebServerApplicationContext : Root WebApplicationContext: initialization completed in 1379 ms
2023-07-12T13:29:51.866+07:00  INFO 13464 --- [main] o.hibernate.jpa.internal.util.LogHelper  : HHH000204: Processing PersistenceUnitInfo [name: default]
2023-07-12T13:29:51.917+07:00  INFO 13464 --- [main] org.hibernate.Version                    : HHH000412: Hibernate ORM core version 6.2.2.Final
2023-07-12T13:29:51.920+07:00  INFO 13464 --- [main] org.hibernate.cfg.Environment            : HHH000406: Using bytecode reflection optimizer
2023-07-12T13:29:52.051+07:00  INFO 13464 --- [main] o.h.b.i.BytecodeProviderInitiator        : HHH000021: Bytecode provider name : bytebuddy
2023-07-12T13:29:52.201+07:00  INFO 13464 --- [main] o.s.o.j.p.SpringPersistenceUnitInfo      : No LoadTimeWeaver setup: ignoring JPA class transformer
2023-07-12T13:29:52.215+07:00  INFO 13464 --- [main] com.zaxxer.hikari.HikariDataSource       : HikariPool-1 - Starting...
2023-07-12T13:29:52.307+07:00  INFO 13464 --- [main] com.zaxxer.hikari.pool.HikariPool        : HikariPool-1 - Added connection org.mariadb.jdbc.Connection@643ecfef
2023-07-12T13:29:52.309+07:00  INFO 13464 --- [main] com.zaxxer.hikari.HikariDataSource       : HikariPool-1 - Start completed.
2023-07-12T13:29:52.344+07:00  INFO 13464 --- [main] org.hibernate.orm.dialect                : HHH035001: Using dialect: org.hibernate.dialect.MariaDBDialect, version: 10.10
2023-07-12T13:29:52.583+07:00  INFO 13464 --- [main] o.h.b.i.BytecodeProviderInitiator        : HHH000021: Bytecode provider name : bytebuddy
2023-07-12T13:29:53.281+07:00  INFO 13464 --- [main] o.h.e.t.j.p.i.JtaPlatformInitiator       : HHH000490: Using JtaPlatform implementation: [org.hibernate.engine.transaction.jta.platform.internal.NoJtaPlatform]
2023-07-12T13:29:53.343+07:00  INFO 13464 --- [main] j.LocalContainerEntityManagerFactoryBean : Initialized JPA EntityManagerFactory for persistence unit 'default'
2023-07-12T13:29:53.690+07:00  INFO 13464 --- [main] o.s.d.j.r.query.QueryEnhancerFactory     : Hibernate is in classpath; If applicable, HQL parser will be used.
2023-07-12T13:29:54.072+07:00  WARN 13464 --- [main] JpaBaseConfiguration$JpaWebConfiguration : spring.jpa.open-in-view is enabled by default. Therefore, database queries may be performed during view rendering. Explicitly configure spring.jpa.open-in-view to disable this warning
2023-07-12T13:29:54.472+07:00  INFO 13464 --- [main] o.s.b.w.embedded.tomcat.TomcatWebServer  : Tomcat started on port(s): 8081 (http) with context path ''
2023-07-12T13:29:54.482+07:00  INFO 13464 --- [main] com.hivetech.Ine3Application             : Started Ine3Application in 5.061 seconds (process running for 6.154)
2023-07-12T13:30:31.579+07:00  INFO 13464 --- [http-nio-8081-exec-1] o.a.c.c.C.[Tomcat].[localhost].[/]       : Initializing Spring DispatcherServlet 'dispatcherServlet'
2023-07-12T13:30:31.579+07:00  INFO 13464 --- [http-nio-8081-exec-1] o.s.web.servlet.DispatcherServlet        : Initializing Servlet 'dispatcherServlet'
2023-07-12T13:30:31.580+07:00  INFO 13464 --- [http-nio-8081-exec-1] o.s.web.servlet.DispatcherServlet        : Completed initialization in 1 ms
2023-07-12T14:35:29.436+07:00  INFO 13464 --- [SpringApplicationShutdownHook] j.LocalContainerEntityManagerFactoryBean : Closing JPA EntityManagerFactory for persistence unit 'default'
2023-07-12T14:35:29.474+07:00  INFO 13464 --- [SpringApplicationShutdownHook] com.zaxxer.hikari.HikariDataSource       : HikariPool-1 - Shutdown initiated...
2023-07-12T14:35:29.482+07:00  INFO 13464 --- [SpringApplicationShutdownHook] com.zaxxer.hikari.HikariDataSource       : HikariPool-1 - Shutdown completed.
2023-07-12T14:37:06.714+07:00  INFO 5516 --- [main] com.hivetech.Ine3Application             : Starting Ine3Application using Java 17.0.4.1 with PID 5516 (D:\WEB\ine3\build\classes\java\main started by HHC in D:\WEB\ine3)
2023-07-12T14:37:06.717+07:00  INFO 5516 --- [main] com.hivetech.Ine3Application             : No active profile set, falling back to 1 default profile: "default"
2023-07-12T14:37:07.614+07:00  INFO 5516 --- [main] .s.d.r.c.RepositoryConfigurationDelegate : Bootstrapping Spring Data JPA repositories in DEFAULT mode.
2023-07-12T14:37:07.697+07:00  INFO 5516 --- [main] .s.d.r.c.RepositoryConfigurationDelegate : Finished Spring Data repository scanning in 66 ms. Found 3 JPA repository interfaces.
2023-07-12T14:37:08.351+07:00  INFO 5516 --- [main] o.s.b.w.embedded.tomcat.TomcatWebServer  : Tomcat initialized with port(s): 8081 (http)
2023-07-12T14:37:08.366+07:00  INFO 5516 --- [main] o.apache.catalina.core.StandardService   : Starting service [Tomcat]
2023-07-12T14:37:08.367+07:00  INFO 5516 --- [main] o.apache.catalina.core.StandardEngine    : Starting Servlet engine: [Apache Tomcat/10.1.8]
2023-07-12T14:37:08.480+07:00  INFO 5516 --- [main] o.a.c.c.C.[Tomcat].[localhost].[/]       : Initializing Spring embedded WebApplicationContext
2023-07-12T14:37:08.481+07:00  INFO 5516 --- [main] w.s.c.ServletWebServerApplicationContext : Root WebApplicationContext: initialization completed in 1699 ms
2023-07-12T14:37:08.711+07:00  INFO 5516 --- [main] o.hibernate.jpa.internal.util.LogHelper  : HHH000204: Processing PersistenceUnitInfo [name: default]
2023-07-12T14:37:08.815+07:00  INFO 5516 --- [main] org.hibernate.Version                    : HHH000412: Hibernate ORM core version 6.2.2.Final
2023-07-12T14:37:08.819+07:00  INFO 5516 --- [main] org.hibernate.cfg.Environment            : HHH000406: Using bytecode reflection optimizer
2023-07-12T14:37:09.104+07:00  INFO 5516 --- [main] o.h.b.i.BytecodeProviderInitiator        : HHH000021: Bytecode provider name : bytebuddy
2023-07-12T14:37:09.292+07:00  INFO 5516 --- [main] o.s.o.j.p.SpringPersistenceUnitInfo      : No LoadTimeWeaver setup: ignoring JPA class transformer
2023-07-12T14:37:09.318+07:00  INFO 5516 --- [main] com.zaxxer.hikari.HikariDataSource       : HikariPool-1 - Starting...
2023-07-12T14:37:09.463+07:00  INFO 5516 --- [main] com.zaxxer.hikari.pool.HikariPool        : HikariPool-1 - Added connection org.mariadb.jdbc.Connection@77fc19cf
2023-07-12T14:37:09.466+07:00  INFO 5516 --- [main] com.zaxxer.hikari.HikariDataSource       : HikariPool-1 - Start completed.
2023-07-12T14:37:09.509+07:00  INFO 5516 --- [main] org.hibernate.orm.dialect                : HHH035001: Using dialect: org.hibernate.dialect.MariaDBDialect, version: 10.10
2023-07-12T14:37:09.819+07:00  INFO 5516 --- [main] o.h.b.i.BytecodeProviderInitiator        : HHH000021: Bytecode provider name : bytebuddy
2023-07-12T14:37:10.764+07:00  INFO 5516 --- [main] o.h.e.t.j.p.i.JtaPlatformInitiator       : HHH000490: Using JtaPlatform implementation: [org.hibernate.engine.transaction.jta.platform.internal.NoJtaPlatform]
2023-07-12T14:37:10.946+07:00  INFO 5516 --- [main] j.LocalContainerEntityManagerFactoryBean : Initialized JPA EntityManagerFactory for persistence unit 'default'
2023-07-12T14:37:12.754+07:00  INFO 5516 --- [main] o.s.d.j.r.query.QueryEnhancerFactory     : Hibernate is in classpath; If applicable, HQL parser will be used.
2023-07-12T14:37:13.455+07:00  WARN 5516 --- [main] JpaBaseConfiguration$JpaWebConfiguration : spring.jpa.open-in-view is enabled by default. Therefore, database queries may be performed during view rendering. Explicitly configure spring.jpa.open-in-view to disable this warning
2023-07-12T14:37:14.319+07:00  INFO 5516 --- [main] o.s.b.w.embedded.tomcat.TomcatWebServer  : Tomcat started on port(s): 8081 (http) with context path ''
2023-07-12T14:37:14.330+07:00  INFO 5516 --- [main] com.hivetech.Ine3Application             : Started Ine3Application in 8.286 seconds (process running for 9.524)
2023-07-12T14:38:32.831+07:00  INFO 5516 --- [http-nio-8081-exec-1] o.a.c.c.C.[Tomcat].[localhost].[/]       : Initializing Spring DispatcherServlet 'dispatcherServlet'
2023-07-12T14:38:32.831+07:00  INFO 5516 --- [http-nio-8081-exec-1] o.s.web.servlet.DispatcherServlet        : Initializing Servlet 'dispatcherServlet'
2023-07-12T14:38:32.833+07:00  INFO 5516 --- [http-nio-8081-exec-1] o.s.web.servlet.DispatcherServlet        : Completed initialization in 2 ms
2023-07-12T14:40:25.073+07:00  INFO 5516 --- [SpringApplicationShutdownHook] j.LocalContainerEntityManagerFactoryBean : Closing JPA EntityManagerFactory for persistence unit 'default'
2023-07-12T14:40:25.075+07:00  INFO 5516 --- [SpringApplicationShutdownHook] com.zaxxer.hikari.HikariDataSource       : HikariPool-1 - Shutdown initiated...
2023-07-12T14:40:25.079+07:00  INFO 5516 --- [SpringApplicationShutdownHook] com.zaxxer.hikari.HikariDataSource       : HikariPool-1 - Shutdown completed.
2023-07-12T14:40:30.360+07:00  INFO 12692 --- [main] com.hivetech.Ine3Application             : Starting Ine3Application using Java 17.0.4.1 with PID 12692 (D:\WEB\ine3\build\classes\java\main started by HHC in D:\WEB\ine3)
2023-07-12T14:40:30.362+07:00  INFO 12692 --- [main] com.hivetech.Ine3Application             : No active profile set, falling back to 1 default profile: "default"
2023-07-12T14:40:31.273+07:00  INFO 12692 --- [main] .s.d.r.c.RepositoryConfigurationDelegate : Bootstrapping Spring Data JPA repositories in DEFAULT mode.
2023-07-12T14:40:31.355+07:00  INFO 12692 --- [main] .s.d.r.c.RepositoryConfigurationDelegate : Finished Spring Data repository scanning in 64 ms. Found 3 JPA repository interfaces.
2023-07-12T14:40:31.923+07:00  INFO 12692 --- [main] o.s.b.w.embedded.tomcat.TomcatWebServer  : Tomcat initialized with port(s): 8081 (http)
2023-07-12T14:40:31.935+07:00  INFO 12692 --- [main] o.apache.catalina.core.StandardService   : Starting service [Tomcat]
2023-07-12T14:40:31.935+07:00  INFO 12692 --- [main] o.apache.catalina.core.StandardEngine    : Starting Servlet engine: [Apache Tomcat/10.1.8]
2023-07-12T14:40:32.038+07:00  INFO 12692 --- [main] o.a.c.c.C.[Tomcat].[localhost].[/]       : Initializing Spring embedded WebApplicationContext
2023-07-12T14:40:32.038+07:00  INFO 12692 --- [main] w.s.c.ServletWebServerApplicationContext : Root WebApplicationContext: initialization completed in 1590 ms
2023-07-12T14:40:32.216+07:00  INFO 12692 --- [main] o.hibernate.jpa.internal.util.LogHelper  : HHH000204: Processing PersistenceUnitInfo [name: default]
2023-07-12T14:40:32.306+07:00  INFO 12692 --- [main] org.hibernate.Version                    : HHH000412: Hibernate ORM core version 6.2.2.Final
2023-07-12T14:40:32.310+07:00  INFO 12692 --- [main] org.hibernate.cfg.Environment            : HHH000406: Using bytecode reflection optimizer
2023-07-12T14:40:32.472+07:00  INFO 12692 --- [main] o.h.b.i.BytecodeProviderInitiator        : HHH000021: Bytecode provider name : bytebuddy
2023-07-12T14:40:32.673+07:00  INFO 12692 --- [main] o.s.o.j.p.SpringPersistenceUnitInfo      : No LoadTimeWeaver setup: ignoring JPA class transformer
2023-07-12T14:40:32.697+07:00  INFO 12692 --- [main] com.zaxxer.hikari.HikariDataSource       : HikariPool-1 - Starting...
2023-07-12T14:40:32.791+07:00  INFO 12692 --- [main] com.zaxxer.hikari.pool.HikariPool        : HikariPool-1 - Added connection org.mariadb.jdbc.Connection@643ecfef
2023-07-12T14:40:32.794+07:00  INFO 12692 --- [main] com.zaxxer.hikari.HikariDataSource       : HikariPool-1 - Start completed.
2023-07-12T14:40:32.830+07:00  INFO 12692 --- [main] org.hibernate.orm.dialect                : HHH035001: Using dialect: org.hibernate.dialect.MariaDBDialect, version: 10.10
2023-07-12T14:40:33.169+07:00  INFO 12692 --- [main] o.h.b.i.BytecodeProviderInitiator        : HHH000021: Bytecode provider name : bytebuddy
2023-07-12T14:40:34.161+07:00  INFO 12692 --- [main] o.h.e.t.j.p.i.JtaPlatformInitiator       : HHH000490: Using JtaPlatform implementation: [org.hibernate.engine.transaction.jta.platform.internal.NoJtaPlatform]
2023-07-12T14:40:34.349+07:00  INFO 12692 --- [main] j.LocalContainerEntityManagerFactoryBean : Initialized JPA EntityManagerFactory for persistence unit 'default'
2023-07-12T14:40:34.944+07:00  INFO 12692 --- [main] o.s.d.j.r.query.QueryEnhancerFactory     : Hibernate is in classpath; If applicable, HQL parser will be used.
2023-07-12T14:40:35.345+07:00  WARN 12692 --- [main] JpaBaseConfiguration$JpaWebConfiguration : spring.jpa.open-in-view is enabled by default. Therefore, database queries may be performed during view rendering. Explicitly configure spring.jpa.open-in-view to disable this warning
2023-07-12T14:40:35.721+07:00  INFO 12692 --- [main] o.s.b.w.embedded.tomcat.TomcatWebServer  : Tomcat started on port(s): 8081 (http) with context path ''
2023-07-12T14:40:35.731+07:00  INFO 12692 --- [main] com.hivetech.Ine3Application             : Started Ine3Application in 6.21 seconds (process running for 7.337)
2023-07-12T14:40:41.683+07:00  INFO 12692 --- [http-nio-8081-exec-1] o.a.c.c.C.[Tomcat].[localhost].[/]       : Initializing Spring DispatcherServlet 'dispatcherServlet'
2023-07-12T14:40:41.684+07:00  INFO 12692 --- [http-nio-8081-exec-1] o.s.web.servlet.DispatcherServlet        : Initializing Servlet 'dispatcherServlet'
2023-07-12T14:40:41.687+07:00  INFO 12692 --- [http-nio-8081-exec-1] o.s.web.servlet.DispatcherServlet        : Completed initialization in 2 ms
2023-07-12T14:41:13.539+07:00  INFO 12692 --- [SpringApplicationShutdownHook] j.LocalContainerEntityManagerFactoryBean : Closing JPA EntityManagerFactory for persistence unit 'default'
2023-07-12T14:41:13.541+07:00  INFO 12692 --- [SpringApplicationShutdownHook] com.zaxxer.hikari.HikariDataSource       : HikariPool-1 - Shutdown initiated...
2023-07-12T14:41:13.544+07:00  INFO 12692 --- [SpringApplicationShutdownHook] com.zaxxer.hikari.HikariDataSource       : HikariPool-1 - Shutdown completed.
2023-07-12T14:41:23.701+07:00  INFO 4684 --- [main] com.hivetech.Ine3Application             : Starting Ine3Application using Java 17.0.4.1 with PID 4684 (D:\WEB\ine3\build\classes\java\main started by HHC in D:\WEB\ine3)
2023-07-12T14:41:23.703+07:00  INFO 4684 --- [main] com.hivetech.Ine3Application             : No active profile set, falling back to 1 default profile: "default"
2023-07-12T14:41:24.974+07:00  INFO 4684 --- [main] .s.d.r.c.RepositoryConfigurationDelegate : Bootstrapping Spring Data JPA repositories in DEFAULT mode.
2023-07-12T14:41:25.076+07:00  INFO 4684 --- [main] .s.d.r.c.RepositoryConfigurationDelegate : Finished Spring Data repository scanning in 89 ms. Found 3 JPA repository interfaces.
2023-07-12T14:41:25.908+07:00  INFO 4684 --- [main] o.s.b.w.embedded.tomcat.TomcatWebServer  : Tomcat initialized with port(s): 8081 (http)
2023-07-12T14:41:25.926+07:00  INFO 4684 --- [main] o.apache.catalina.core.StandardService   : Starting service [Tomcat]
2023-07-12T14:41:25.926+07:00  INFO 4684 --- [main] o.apache.catalina.core.StandardEngine    : Starting Servlet engine: [Apache Tomcat/10.1.8]
2023-07-12T14:41:26.074+07:00  INFO 4684 --- [main] o.a.c.c.C.[Tomcat].[localhost].[/]       : Initializing Spring embedded WebApplicationContext
2023-07-12T14:41:26.075+07:00  INFO 4684 --- [main] w.s.c.ServletWebServerApplicationContext : Root WebApplicationContext: initialization completed in 2286 ms
2023-07-12T14:41:26.342+07:00  INFO 4684 --- [main] o.hibernate.jpa.internal.util.LogHelper  : HHH000204: Processing PersistenceUnitInfo [name: default]
2023-07-12T14:41:26.442+07:00  INFO 4684 --- [main] org.hibernate.Version                    : HHH000412: Hibernate ORM core version 6.2.2.Final
2023-07-12T14:41:26.445+07:00  INFO 4684 --- [main] org.hibernate.cfg.Environment            : HHH000406: Using bytecode reflection optimizer
2023-07-12T14:41:26.722+07:00  INFO 4684 --- [main] o.h.b.i.BytecodeProviderInitiator        : HHH000021: Bytecode provider name : bytebuddy
2023-07-12T14:41:26.980+07:00  INFO 4684 --- [main] o.s.o.j.p.SpringPersistenceUnitInfo      : No LoadTimeWeaver setup: ignoring JPA class transformer
2023-07-12T14:41:27.012+07:00  INFO 4684 --- [main] com.zaxxer.hikari.HikariDataSource       : HikariPool-1 - Starting...
2023-07-12T14:41:27.197+07:00  INFO 4684 --- [main] com.zaxxer.hikari.pool.HikariPool        : HikariPool-1 - Added connection org.mariadb.jdbc.Connection@44b9c7c4
2023-07-12T14:41:27.201+07:00  INFO 4684 --- [main] com.zaxxer.hikari.HikariDataSource       : HikariPool-1 - Start completed.
2023-07-12T14:41:27.272+07:00  INFO 4684 --- [main] org.hibernate.orm.dialect                : HHH035001: Using dialect: org.hibernate.dialect.MariaDBDialect, version: 10.10
2023-07-12T14:41:27.715+07:00  INFO 4684 --- [main] o.h.b.i.BytecodeProviderInitiator        : HHH000021: Bytecode provider name : bytebuddy
2023-07-12T14:41:29.075+07:00  INFO 4684 --- [main] o.h.e.t.j.p.i.JtaPlatformInitiator       : HHH000490: Using JtaPlatform implementation: [org.hibernate.engine.transaction.jta.platform.internal.NoJtaPlatform]
2023-07-12T14:41:29.177+07:00  INFO 4684 --- [main] j.LocalContainerEntityManagerFactoryBean : Initialized JPA EntityManagerFactory for persistence unit 'default'
2023-07-12T14:41:29.689+07:00  INFO 4684 --- [main] o.s.d.j.r.query.QueryEnhancerFactory     : Hibernate is in classpath; If applicable, HQL parser will be used.
2023-07-12T14:41:30.538+07:00  WARN 4684 --- [main] JpaBaseConfiguration$JpaWebConfiguration : spring.jpa.open-in-view is enabled by default. Therefore, database queries may be performed during view rendering. Explicitly configure spring.jpa.open-in-view to disable this warning
2023-07-12T14:41:31.151+07:00  INFO 4684 --- [main] o.s.b.w.embedded.tomcat.TomcatWebServer  : Tomcat started on port(s): 8081 (http) with context path ''
2023-07-12T14:41:31.165+07:00  INFO 4684 --- [main] com.hivetech.Ine3Application             : Started Ine3Application in 8.364 seconds (process running for 10.309)
2023-07-12T14:41:31.198+07:00  INFO 4684 --- [SpringApplicationShutdownHook] j.LocalContainerEntityManagerFactoryBean : Closing JPA EntityManagerFactory for persistence unit 'default'
2023-07-12T14:41:31.201+07:00  INFO 4684 --- [SpringApplicationShutdownHook] com.zaxxer.hikari.HikariDataSource       : HikariPool-1 - Shutdown initiated...
2023-07-12T14:41:31.206+07:00  INFO 4684 --- [SpringApplicationShutdownHook] com.zaxxer.hikari.HikariDataSource       : HikariPool-1 - Shutdown completed.
2023-07-12T14:41:38.555+07:00  INFO 8668 --- [main] com.hivetech.Ine3Application             : Starting Ine3Application using Java 17.0.4.1 with PID 8668 (D:\WEB\ine3\build\classes\java\main started by HHC in D:\WEB\ine3)
2023-07-12T14:41:38.558+07:00  INFO 8668 --- [main] com.hivetech.Ine3Application             : No active profile set, falling back to 1 default profile: "default"
2023-07-12T14:41:39.369+07:00  INFO 8668 --- [main] .s.d.r.c.RepositoryConfigurationDelegate : Bootstrapping Spring Data JPA repositories in DEFAULT mode.
2023-07-12T14:41:39.459+07:00  INFO 8668 --- [main] .s.d.r.c.RepositoryConfigurationDelegate : Finished Spring Data repository scanning in 77 ms. Found 3 JPA repository interfaces.
2023-07-12T14:41:40.103+07:00  INFO 8668 --- [main] o.s.b.w.embedded.tomcat.TomcatWebServer  : Tomcat initialized with port(s): 8081 (http)
2023-07-12T14:41:40.114+07:00  INFO 8668 --- [main] o.apache.catalina.core.StandardService   : Starting service [Tomcat]
2023-07-12T14:41:40.114+07:00  INFO 8668 --- [main] o.apache.catalina.core.StandardEngine    : Starting Servlet engine: [Apache Tomcat/10.1.8]
2023-07-12T14:41:40.233+07:00  INFO 8668 --- [main] o.a.c.c.C.[Tomcat].[localhost].[/]       : Initializing Spring embedded WebApplicationContext
2023-07-12T14:41:40.234+07:00  INFO 8668 --- [main] w.s.c.ServletWebServerApplicationContext : Root WebApplicationContext: initialization completed in 1616 ms
2023-07-12T14:41:40.426+07:00  INFO 8668 --- [main] o.hibernate.jpa.internal.util.LogHelper  : HHH000204: Processing PersistenceUnitInfo [name: default]
2023-07-12T14:41:40.493+07:00  INFO 8668 --- [main] org.hibernate.Version                    : HHH000412: Hibernate ORM core version 6.2.2.Final
2023-07-12T14:41:40.496+07:00  INFO 8668 --- [main] org.hibernate.cfg.Environment            : HHH000406: Using bytecode reflection optimizer
2023-07-12T14:41:40.681+07:00  INFO 8668 --- [main] o.h.b.i.BytecodeProviderInitiator        : HHH000021: Bytecode provider name : bytebuddy
2023-07-12T14:41:40.849+07:00  INFO 8668 --- [main] o.s.o.j.p.SpringPersistenceUnitInfo      : No LoadTimeWeaver setup: ignoring JPA class transformer
2023-07-12T14:41:40.871+07:00  INFO 8668 --- [main] com.zaxxer.hikari.HikariDataSource       : HikariPool-1 - Starting...
2023-07-12T14:41:41.011+07:00  INFO 8668 --- [main] com.zaxxer.hikari.pool.HikariPool        : HikariPool-1 - Added connection org.mariadb.jdbc.Connection@2c99c8d
2023-07-12T14:41:41.013+07:00  INFO 8668 --- [main] com.zaxxer.hikari.HikariDataSource       : HikariPool-1 - Start completed.
2023-07-12T14:41:41.045+07:00  INFO 8668 --- [main] org.hibernate.orm.dialect                : HHH035001: Using dialect: org.hibernate.dialect.MariaDBDialect, version: 10.10
2023-07-12T14:41:41.317+07:00  INFO 8668 --- [main] o.h.b.i.BytecodeProviderInitiator        : HHH000021: Bytecode provider name : bytebuddy
2023-07-12T14:41:42.161+07:00  INFO 8668 --- [main] o.h.e.t.j.p.i.JtaPlatformInitiator       : HHH000490: Using JtaPlatform implementation: [org.hibernate.engine.transaction.jta.platform.internal.NoJtaPlatform]
2023-07-12T14:41:42.239+07:00  INFO 8668 --- [main] j.LocalContainerEntityManagerFactoryBean : Initialized JPA EntityManagerFactory for persistence unit 'default'
2023-07-12T14:41:42.693+07:00  INFO 8668 --- [main] o.s.d.j.r.query.QueryEnhancerFactory     : Hibernate is in classpath; If applicable, HQL parser will be used.
2023-07-12T14:41:43.119+07:00  WARN 8668 --- [main] JpaBaseConfiguration$JpaWebConfiguration : spring.jpa.open-in-view is enabled by default. Therefore, database queries may be performed during view rendering. Explicitly configure spring.jpa.open-in-view to disable this warning
2023-07-12T14:41:43.543+07:00  INFO 8668 --- [main] o.s.b.w.embedded.tomcat.TomcatWebServer  : Tomcat started on port(s): 8081 (http) with context path ''
2023-07-12T14:41:43.553+07:00  INFO 8668 --- [main] com.hivetech.Ine3Application             : Started Ine3Application in 5.631 seconds (process running for 7.801)
2023-07-12T14:41:49.477+07:00  INFO 8668 --- [http-nio-8081-exec-1] o.a.c.c.C.[Tomcat].[localhost].[/]       : Initializing Spring DispatcherServlet 'dispatcherServlet'
2023-07-12T14:41:49.478+07:00  INFO 8668 --- [http-nio-8081-exec-1] o.s.web.servlet.DispatcherServlet        : Initializing Servlet 'dispatcherServlet'
2023-07-12T14:41:49.479+07:00  INFO 8668 --- [http-nio-8081-exec-1] o.s.web.servlet.DispatcherServlet        : Completed initialization in 1 ms
2023-07-12T14:55:19.443+07:00  INFO 8668 --- [SpringApplicationShutdownHook] j.LocalContainerEntityManagerFactoryBean : Closing JPA EntityManagerFactory for persistence unit 'default'
2023-07-12T14:55:19.455+07:00  INFO 8668 --- [SpringApplicationShutdownHook] com.zaxxer.hikari.HikariDataSource       : HikariPool-1 - Shutdown initiated...
2023-07-12T14:55:19.467+07:00  INFO 8668 --- [SpringApplicationShutdownHook] com.zaxxer.hikari.HikariDataSource       : HikariPool-1 - Shutdown completed.
2023-07-12T14:55:25.108+07:00  INFO 12832 --- [main] com.hivetech.Ine3Application             : Starting Ine3Application using Java 17.0.4.1 with PID 12832 (D:\WEB\ine3\build\classes\java\main started by HHC in D:\WEB\ine3)
2023-07-12T14:55:25.110+07:00  INFO 12832 --- [main] com.hivetech.Ine3Application             : No active profile set, falling back to 1 default profile: "default"
2023-07-12T14:55:25.993+07:00  INFO 12832 --- [main] .s.d.r.c.RepositoryConfigurationDelegate : Bootstrapping Spring Data JPA repositories in DEFAULT mode.
2023-07-12T14:55:26.106+07:00  INFO 12832 --- [main] .s.d.r.c.RepositoryConfigurationDelegate : Finished Spring Data repository scanning in 97 ms. Found 3 JPA repository interfaces.
2023-07-12T14:55:26.721+07:00  INFO 12832 --- [main] o.s.b.w.embedded.tomcat.TomcatWebServer  : Tomcat initialized with port(s): 8081 (http)
2023-07-12T14:55:26.732+07:00  INFO 12832 --- [main] o.apache.catalina.core.StandardService   : Starting service [Tomcat]
2023-07-12T14:55:26.733+07:00  INFO 12832 --- [main] o.apache.catalina.core.StandardEngine    : Starting Servlet engine: [Apache Tomcat/10.1.8]
2023-07-12T14:55:26.856+07:00  INFO 12832 --- [main] o.a.c.c.C.[Tomcat].[localhost].[/]       : Initializing Spring embedded WebApplicationContext
2023-07-12T14:55:26.857+07:00  INFO 12832 --- [main] w.s.c.ServletWebServerApplicationContext : Root WebApplicationContext: initialization completed in 1656 ms
2023-07-12T14:55:27.065+07:00  INFO 12832 --- [main] o.hibernate.jpa.internal.util.LogHelper  : HHH000204: Processing PersistenceUnitInfo [name: default]
2023-07-12T14:55:27.125+07:00  INFO 12832 --- [main] org.hibernate.Version                    : HHH000412: Hibernate ORM core version 6.2.2.Final
2023-07-12T14:55:27.127+07:00  INFO 12832 --- [main] org.hibernate.cfg.Environment            : HHH000406: Using bytecode reflection optimizer
2023-07-12T14:55:27.307+07:00  INFO 12832 --- [main] o.h.b.i.BytecodeProviderInitiator        : HHH000021: Bytecode provider name : bytebuddy
2023-07-12T14:55:27.500+07:00  INFO 12832 --- [main] o.s.o.j.p.SpringPersistenceUnitInfo      : No LoadTimeWeaver setup: ignoring JPA class transformer
2023-07-12T14:55:27.542+07:00  INFO 12832 --- [main] com.zaxxer.hikari.HikariDataSource       : HikariPool-1 - Starting...
2023-07-12T14:55:27.663+07:00  INFO 12832 --- [main] com.zaxxer.hikari.pool.HikariPool        : HikariPool-1 - Added connection org.mariadb.jdbc.Connection@5c70d7f0
2023-07-12T14:55:27.667+07:00  INFO 12832 --- [main] com.zaxxer.hikari.HikariDataSource       : HikariPool-1 - Start completed.
2023-07-12T14:55:27.708+07:00  INFO 12832 --- [main] org.hibernate.orm.dialect                : HHH035001: Using dialect: org.hibernate.dialect.MariaDBDialect, version: 10.10
2023-07-12T14:55:28.010+07:00  INFO 12832 --- [main] o.h.b.i.BytecodeProviderInitiator        : HHH000021: Bytecode provider name : bytebuddy
2023-07-12T14:55:28.867+07:00  INFO 12832 --- [main] o.h.e.t.j.p.i.JtaPlatformInitiator       : HHH000490: Using JtaPlatform implementation: [org.hibernate.engine.transaction.jta.platform.internal.NoJtaPlatform]
2023-07-12T14:55:28.946+07:00  INFO 12832 --- [main] j.LocalContainerEntityManagerFactoryBean : Initialized JPA EntityManagerFactory for persistence unit 'default'
2023-07-12T14:55:29.354+07:00  INFO 12832 --- [main] o.s.d.j.r.query.QueryEnhancerFactory     : Hibernate is in classpath; If applicable, HQL parser will be used.
2023-07-12T14:55:29.816+07:00  WARN 12832 --- [main] JpaBaseConfiguration$JpaWebConfiguration : spring.jpa.open-in-view is enabled by default. Therefore, database queries may be performed during view rendering. Explicitly configure spring.jpa.open-in-view to disable this warning
2023-07-12T14:55:30.237+07:00  INFO 12832 --- [main] o.s.b.w.embedded.tomcat.TomcatWebServer  : Tomcat started on port(s): 8081 (http) with context path ''
2023-07-12T14:55:30.249+07:00  INFO 12832 --- [main] com.hivetech.Ine3Application             : Started Ine3Application in 5.829 seconds (process running for 7.636)
2023-07-12T14:55:43.377+07:00  INFO 12832 --- [http-nio-8081-exec-2] o.a.c.c.C.[Tomcat].[localhost].[/]       : Initializing Spring DispatcherServlet 'dispatcherServlet'
2023-07-12T14:55:43.377+07:00  INFO 12832 --- [http-nio-8081-exec-2] o.s.web.servlet.DispatcherServlet        : Initializing Servlet 'dispatcherServlet'
2023-07-12T14:55:43.379+07:00  INFO 12832 --- [http-nio-8081-exec-2] o.s.web.servlet.DispatcherServlet        : Completed initialization in 2 ms
2023-07-12T15:01:51.105+07:00  INFO 12832 --- [SpringApplicationShutdownHook] j.LocalContainerEntityManagerFactoryBean : Closing JPA EntityManagerFactory for persistence unit 'default'
2023-07-12T15:01:51.109+07:00  INFO 12832 --- [SpringApplicationShutdownHook] com.zaxxer.hikari.HikariDataSource       : HikariPool-1 - Shutdown initiated...
2023-07-12T15:01:51.113+07:00  INFO 12832 --- [SpringApplicationShutdownHook] com.zaxxer.hikari.HikariDataSource       : HikariPool-1 - Shutdown completed.
2023-07-12T15:01:55.796+07:00  INFO 8536 --- [main] com.hivetech.Ine3Application             : Starting Ine3Application using Java 17.0.4.1 with PID 8536 (D:\WEB\ine3\build\classes\java\main started by HHC in D:\WEB\ine3)
2023-07-12T15:01:55.799+07:00  INFO 8536 --- [main] com.hivetech.Ine3Application             : No active profile set, falling back to 1 default profile: "default"
2023-07-12T15:01:56.578+07:00  INFO 8536 --- [main] .s.d.r.c.RepositoryConfigurationDelegate : Bootstrapping Spring Data JPA repositories in DEFAULT mode.
2023-07-12T15:01:56.653+07:00  INFO 8536 --- [main] .s.d.r.c.RepositoryConfigurationDelegate : Finished Spring Data repository scanning in 65 ms. Found 3 JPA repository interfaces.
2023-07-12T15:01:57.231+07:00  INFO 8536 --- [main] o.s.b.w.embedded.tomcat.TomcatWebServer  : Tomcat initialized with port(s): 8081 (http)
2023-07-12T15:01:57.242+07:00  INFO 8536 --- [main] o.apache.catalina.core.StandardService   : Starting service [Tomcat]
2023-07-12T15:01:57.243+07:00  INFO 8536 --- [main] o.apache.catalina.core.StandardEngine    : Starting Servlet engine: [Apache Tomcat/10.1.8]
2023-07-12T15:01:57.369+07:00  INFO 8536 --- [main] o.a.c.c.C.[Tomcat].[localhost].[/]       : Initializing Spring embedded WebApplicationContext
2023-07-12T15:01:57.369+07:00  INFO 8536 --- [main] w.s.c.ServletWebServerApplicationContext : Root WebApplicationContext: initialization completed in 1513 ms
2023-07-12T15:01:57.549+07:00  INFO 8536 --- [main] o.hibernate.jpa.internal.util.LogHelper  : HHH000204: Processing PersistenceUnitInfo [name: default]
2023-07-12T15:01:57.617+07:00  INFO 8536 --- [main] org.hibernate.Version                    : HHH000412: Hibernate ORM core version 6.2.2.Final
2023-07-12T15:01:57.619+07:00  INFO 8536 --- [main] org.hibernate.cfg.Environment            : HHH000406: Using bytecode reflection optimizer
2023-07-12T15:01:57.791+07:00  INFO 8536 --- [main] o.h.b.i.BytecodeProviderInitiator        : HHH000021: Bytecode provider name : bytebuddy
2023-07-12T15:01:57.957+07:00  INFO 8536 --- [main] o.s.o.j.p.SpringPersistenceUnitInfo      : No LoadTimeWeaver setup: ignoring JPA class transformer
2023-07-12T15:01:57.976+07:00  INFO 8536 --- [main] com.zaxxer.hikari.HikariDataSource       : HikariPool-1 - Starting...
2023-07-12T15:01:58.113+07:00  INFO 8536 --- [main] com.zaxxer.hikari.pool.HikariPool        : HikariPool-1 - Added connection org.mariadb.jdbc.Connection@66b0e207
2023-07-12T15:01:58.116+07:00  INFO 8536 --- [main] com.zaxxer.hikari.HikariDataSource       : HikariPool-1 - Start completed.
2023-07-12T15:01:58.148+07:00  INFO 8536 --- [main] org.hibernate.orm.dialect                : HHH035001: Using dialect: org.hibernate.dialect.MariaDBDialect, version: 10.10
2023-07-12T15:01:58.434+07:00  INFO 8536 --- [main] o.h.b.i.BytecodeProviderInitiator        : HHH000021: Bytecode provider name : bytebuddy
2023-07-12T15:01:59.251+07:00  INFO 8536 --- [main] o.h.e.t.j.p.i.JtaPlatformInitiator       : HHH000490: Using JtaPlatform implementation: [org.hibernate.engine.transaction.jta.platform.internal.NoJtaPlatform]
2023-07-12T15:01:59.341+07:00  INFO 8536 --- [main] j.LocalContainerEntityManagerFactoryBean : Initialized JPA EntityManagerFactory for persistence unit 'default'
2023-07-12T15:01:59.849+07:00  INFO 8536 --- [main] o.s.d.j.r.query.QueryEnhancerFactory     : Hibernate is in classpath; If applicable, HQL parser will be used.
2023-07-12T15:02:00.301+07:00  WARN 8536 --- [main] JpaBaseConfiguration$JpaWebConfiguration : spring.jpa.open-in-view is enabled by default. Therefore, database queries may be performed during view rendering. Explicitly configure spring.jpa.open-in-view to disable this warning
2023-07-12T15:02:00.718+07:00  INFO 8536 --- [main] o.s.b.w.embedded.tomcat.TomcatWebServer  : Tomcat started on port(s): 8081 (http) with context path ''
2023-07-12T15:02:00.728+07:00  INFO 8536 --- [main] com.hivetech.Ine3Application             : Started Ine3Application in 6.013 seconds (process running for 7.574)
2023-07-12T15:03:13.338+07:00  INFO 8536 --- [http-nio-8081-exec-1] o.a.c.c.C.[Tomcat].[localhost].[/]       : Initializing Spring DispatcherServlet 'dispatcherServlet'
2023-07-12T15:03:13.338+07:00  INFO 8536 --- [http-nio-8081-exec-1] o.s.web.servlet.DispatcherServlet        : Initializing Servlet 'dispatcherServlet'
2023-07-12T15:03:13.340+07:00  INFO 8536 --- [http-nio-8081-exec-1] o.s.web.servlet.DispatcherServlet        : Completed initialization in 2 ms
2023-07-12T15:07:58.476+07:00  INFO 8536 --- [SpringApplicationShutdownHook] j.LocalContainerEntityManagerFactoryBean : Closing JPA EntityManagerFactory for persistence unit 'default'
2023-07-12T15:07:58.479+07:00  INFO 8536 --- [SpringApplicationShutdownHook] com.zaxxer.hikari.HikariDataSource       : HikariPool-1 - Shutdown initiated...
2023-07-12T15:07:58.483+07:00  INFO 8536 --- [SpringApplicationShutdownHook] com.zaxxer.hikari.HikariDataSource       : HikariPool-1 - Shutdown completed.
2023-07-12T15:08:02.935+07:00  INFO 11744 --- [main] com.hivetech.Ine3Application             : Starting Ine3Application using Java 17.0.4.1 with PID 11744 (D:\WEB\ine3\build\classes\java\main started by HHC in D:\WEB\ine3)
2023-07-12T15:08:02.938+07:00  INFO 11744 --- [main] com.hivetech.Ine3Application             : No active profile set, falling back to 1 default profile: "default"
2023-07-12T15:08:03.711+07:00  INFO 11744 --- [main] .s.d.r.c.RepositoryConfigurationDelegate : Bootstrapping Spring Data JPA repositories in DEFAULT mode.
2023-07-12T15:08:03.788+07:00  INFO 11744 --- [main] .s.d.r.c.RepositoryConfigurationDelegate : Finished Spring Data repository scanning in 68 ms. Found 3 JPA repository interfaces.
2023-07-12T15:08:04.353+07:00  INFO 11744 --- [main] o.s.b.w.embedded.tomcat.TomcatWebServer  : Tomcat initialized with port(s): 8081 (http)
2023-07-12T15:08:04.369+07:00  INFO 11744 --- [main] o.apache.catalina.core.StandardService   : Starting service [Tomcat]
2023-07-12T15:08:04.370+07:00  INFO 11744 --- [main] o.apache.catalina.core.StandardEngine    : Starting Servlet engine: [Apache Tomcat/10.1.8]
2023-07-12T15:08:04.494+07:00  INFO 11744 --- [main] o.a.c.c.C.[Tomcat].[localhost].[/]       : Initializing Spring embedded WebApplicationContext
2023-07-12T15:08:04.495+07:00  INFO 11744 --- [main] w.s.c.ServletWebServerApplicationContext : Root WebApplicationContext: initialization completed in 1497 ms
2023-07-12T15:08:04.679+07:00  INFO 11744 --- [main] o.hibernate.jpa.internal.util.LogHelper  : HHH000204: Processing PersistenceUnitInfo [name: default]
2023-07-12T15:08:04.746+07:00  INFO 11744 --- [main] org.hibernate.Version                    : HHH000412: Hibernate ORM core version 6.2.2.Final
2023-07-12T15:08:04.749+07:00  INFO 11744 --- [main] org.hibernate.cfg.Environment            : HHH000406: Using bytecode reflection optimizer
2023-07-12T15:08:04.913+07:00  INFO 11744 --- [main] o.h.b.i.BytecodeProviderInitiator        : HHH000021: Bytecode provider name : bytebuddy
2023-07-12T15:08:05.075+07:00  INFO 11744 --- [main] o.s.o.j.p.SpringPersistenceUnitInfo      : No LoadTimeWeaver setup: ignoring JPA class transformer
2023-07-12T15:08:05.093+07:00  INFO 11744 --- [main] com.zaxxer.hikari.HikariDataSource       : HikariPool-1 - Starting...
2023-07-12T15:08:05.239+07:00  INFO 11744 --- [main] com.zaxxer.hikari.pool.HikariPool        : HikariPool-1 - Added connection org.mariadb.jdbc.Connection@3214bad
2023-07-12T15:08:05.242+07:00  INFO 11744 --- [main] com.zaxxer.hikari.HikariDataSource       : HikariPool-1 - Start completed.
2023-07-12T15:08:05.274+07:00  INFO 11744 --- [main] org.hibernate.orm.dialect                : HHH035001: Using dialect: org.hibernate.dialect.MariaDBDialect, version: 10.10
2023-07-12T15:08:05.553+07:00  INFO 11744 --- [main] o.h.b.i.BytecodeProviderInitiator        : HHH000021: Bytecode provider name : bytebuddy
2023-07-12T15:08:06.365+07:00  INFO 11744 --- [main] o.h.e.t.j.p.i.JtaPlatformInitiator       : HHH000490: Using JtaPlatform implementation: [org.hibernate.engine.transaction.jta.platform.internal.NoJtaPlatform]
2023-07-12T15:08:06.439+07:00  INFO 11744 --- [main] j.LocalContainerEntityManagerFactoryBean : Initialized JPA EntityManagerFactory for persistence unit 'default'
2023-07-12T15:08:06.850+07:00  INFO 11744 --- [main] o.s.d.j.r.query.QueryEnhancerFactory     : Hibernate is in classpath; If applicable, HQL parser will be used.
2023-07-12T15:08:07.264+07:00  WARN 11744 --- [main] JpaBaseConfiguration$JpaWebConfiguration : spring.jpa.open-in-view is enabled by default. Therefore, database queries may be performed during view rendering. Explicitly configure spring.jpa.open-in-view to disable this warning
2023-07-12T15:08:07.706+07:00  INFO 11744 --- [main] o.s.b.w.embedded.tomcat.TomcatWebServer  : Tomcat started on port(s): 8081 (http) with context path ''
2023-07-12T15:08:07.719+07:00  INFO 11744 --- [main] com.hivetech.Ine3Application             : Started Ine3Application in 5.463 seconds (process running for 6.424)
2023-07-12T15:08:26.974+07:00  INFO 11744 --- [http-nio-8081-exec-1] o.a.c.c.C.[Tomcat].[localhost].[/]       : Initializing Spring DispatcherServlet 'dispatcherServlet'
2023-07-12T15:08:26.974+07:00  INFO 11744 --- [http-nio-8081-exec-1] o.s.web.servlet.DispatcherServlet        : Initializing Servlet 'dispatcherServlet'
2023-07-12T15:08:26.977+07:00  INFO 11744 --- [http-nio-8081-exec-1] o.s.web.servlet.DispatcherServlet        : Completed initialization in 2 ms
2023-07-12T15:33:45.580+07:00  INFO 11744 --- [SpringApplicationShutdownHook] j.LocalContainerEntityManagerFactoryBean : Closing JPA EntityManagerFactory for persistence unit 'default'
2023-07-12T15:33:45.583+07:00  INFO 11744 --- [SpringApplicationShutdownHook] com.zaxxer.hikari.HikariDataSource       : HikariPool-1 - Shutdown initiated...
2023-07-12T15:33:45.588+07:00  INFO 11744 --- [SpringApplicationShutdownHook] com.zaxxer.hikari.HikariDataSource       : HikariPool-1 - Shutdown completed.
2023-07-12T15:33:49.887+07:00  INFO 10840 --- [main] com.hivetech.Ine3Application             : Starting Ine3Application using Java 17.0.4.1 with PID 10840 (D:\WEB\ine3\build\classes\java\main started by HHC in D:\WEB\ine3)
2023-07-12T15:33:49.889+07:00  INFO 10840 --- [main] com.hivetech.Ine3Application             : No active profile set, falling back to 1 default profile: "default"
2023-07-12T15:33:50.682+07:00  INFO 10840 --- [main] .s.d.r.c.RepositoryConfigurationDelegate : Bootstrapping Spring Data JPA repositories in DEFAULT mode.
2023-07-12T15:33:50.758+07:00  INFO 10840 --- [main] .s.d.r.c.RepositoryConfigurationDelegate : Finished Spring Data repository scanning in 66 ms. Found 3 JPA repository interfaces.
2023-07-12T15:33:51.328+07:00  INFO 10840 --- [main] o.s.b.w.embedded.tomcat.TomcatWebServer  : Tomcat initialized with port(s): 8081 (http)
2023-07-12T15:33:51.339+07:00  INFO 10840 --- [main] o.apache.catalina.core.StandardService   : Starting service [Tomcat]
2023-07-12T15:33:51.340+07:00  INFO 10840 --- [main] o.apache.catalina.core.StandardEngine    : Starting Servlet engine: [Apache Tomcat/10.1.8]
2023-07-12T15:33:51.465+07:00  INFO 10840 --- [main] o.a.c.c.C.[Tomcat].[localhost].[/]       : Initializing Spring embedded WebApplicationContext
2023-07-12T15:33:51.466+07:00  INFO 10840 --- [main] w.s.c.ServletWebServerApplicationContext : Root WebApplicationContext: initialization completed in 1517 ms
2023-07-12T15:33:51.651+07:00  INFO 10840 --- [main] o.hibernate.jpa.internal.util.LogHelper  : HHH000204: Processing PersistenceUnitInfo [name: default]
2023-07-12T15:33:51.713+07:00  INFO 10840 --- [main] org.hibernate.Version                    : HHH000412: Hibernate ORM core version 6.2.2.Final
2023-07-12T15:33:51.715+07:00  INFO 10840 --- [main] org.hibernate.cfg.Environment            : HHH000406: Using bytecode reflection optimizer
2023-07-12T15:33:51.892+07:00  INFO 10840 --- [main] o.h.b.i.BytecodeProviderInitiator        : HHH000021: Bytecode provider name : bytebuddy
2023-07-12T15:33:52.056+07:00  INFO 10840 --- [main] o.s.o.j.p.SpringPersistenceUnitInfo      : No LoadTimeWeaver setup: ignoring JPA class transformer
2023-07-12T15:33:52.079+07:00  INFO 10840 --- [main] com.zaxxer.hikari.HikariDataSource       : HikariPool-1 - Starting...
2023-07-12T15:33:52.219+07:00  INFO 10840 --- [main] com.zaxxer.hikari.pool.HikariPool        : HikariPool-1 - Added connection org.mariadb.jdbc.Connection@64440065
2023-07-12T15:33:52.221+07:00  INFO 10840 --- [main] com.zaxxer.hikari.HikariDataSource       : HikariPool-1 - Start completed.
2023-07-12T15:33:52.253+07:00  INFO 10840 --- [main] org.hibernate.orm.dialect                : HHH035001: Using dialect: org.hibernate.dialect.MariaDBDialect, version: 10.10
2023-07-12T15:33:52.525+07:00  INFO 10840 --- [main] o.h.b.i.BytecodeProviderInitiator        : HHH000021: Bytecode provider name : bytebuddy
2023-07-12T15:33:53.351+07:00  INFO 10840 --- [main] o.h.e.t.j.p.i.JtaPlatformInitiator       : HHH000490: Using JtaPlatform implementation: [org.hibernate.engine.transaction.jta.platform.internal.NoJtaPlatform]
2023-07-12T15:33:53.422+07:00  INFO 10840 --- [main] j.LocalContainerEntityManagerFactoryBean : Initialized JPA EntityManagerFactory for persistence unit 'default'
2023-07-12T15:33:53.827+07:00  INFO 10840 --- [main] o.s.d.j.r.query.QueryEnhancerFactory     : Hibernate is in classpath; If applicable, HQL parser will be used.
2023-07-12T15:33:54.259+07:00  WARN 10840 --- [main] JpaBaseConfiguration$JpaWebConfiguration : spring.jpa.open-in-view is enabled by default. Therefore, database queries may be performed during view rendering. Explicitly configure spring.jpa.open-in-view to disable this warning
2023-07-12T15:33:54.673+07:00  INFO 10840 --- [main] o.s.b.w.embedded.tomcat.TomcatWebServer  : Tomcat started on port(s): 8081 (http) with context path ''
2023-07-12T15:33:54.685+07:00  INFO 10840 --- [main] com.hivetech.Ine3Application             : Started Ine3Application in 5.844 seconds (process running for 7.093)
2023-07-12T15:34:18.290+07:00  INFO 10840 --- [http-nio-8081-exec-1] o.a.c.c.C.[Tomcat].[localhost].[/]       : Initializing Spring DispatcherServlet 'dispatcherServlet'
2023-07-12T15:34:18.290+07:00  INFO 10840 --- [http-nio-8081-exec-1] o.s.web.servlet.DispatcherServlet        : Initializing Servlet 'dispatcherServlet'
2023-07-12T15:34:18.291+07:00  INFO 10840 --- [http-nio-8081-exec-1] o.s.web.servlet.DispatcherServlet        : Completed initialization in 1 ms
2023-07-12T15:58:31.358+07:00  INFO 10840 --- [SpringApplicationShutdownHook] j.LocalContainerEntityManagerFactoryBean : Closing JPA EntityManagerFactory for persistence unit 'default'
2023-07-12T15:58:31.363+07:00  INFO 10840 --- [SpringApplicationShutdownHook] com.zaxxer.hikari.HikariDataSource       : HikariPool-1 - Shutdown initiated...
2023-07-12T15:58:31.371+07:00  INFO 10840 --- [SpringApplicationShutdownHook] com.zaxxer.hikari.HikariDataSource       : HikariPool-1 - Shutdown completed.
